{"C:\\Users\\2078320\\Team%209%20-%20Manikantha\\frontend\\src\\component\\Templates\\productDetailsTemplate\\ProductDetailsTemplate.js": {"path":"C:\\Users\\2078320\\Team%209%20-%20Manikantha\\frontend\\src\\component\\Templates\\productDetailsTemplate\\ProductDetailsTemplate.js","statementMap":{"0":{"start":{"line":7,"column":31},"end":{"line":18,"column":1}},"1":{"start":{"line":8,"column":47},"end":{"line":8,"column":52}},"2":{"start":{"line":9,"column":2},"end":{"line":17,"column":4}},"3":{"start":{"line":19,"column":0},"end":{"line":23,"column":2}},"4":{"start":{"line":24,"column":0},"end":{"line":28,"column":2}}},"fnMap":{"0":{"name":"(anonymous_0)","decl":{"start":{"line":7,"column":31},"end":{"line":7,"column":32}},"loc":{"start":{"line":7,"column":42},"end":{"line":18,"column":1}},"line":7}},"branchMap":{},"s":{"0":0,"1":0,"2":0,"3":0,"4":0},"f":{"0":0},"b":{}}
,"C:\\Users\\2078320\\Team%209%20-%20Manikantha\\frontend\\src\\component\\Templates\\productsListTemplate\\ProductsListTemplate.js": {"path":"C:\\Users\\2078320\\Team%209%20-%20Manikantha\\frontend\\src\\component\\Templates\\productsListTemplate\\ProductsListTemplate.js","statementMap":{"0":{"start":{"line":9,"column":29},"end":{"line":44,"column":1}},"1":{"start":{"line":10,"column":55},"end":{"line":10,"column":60}},"2":{"start":{"line":11,"column":38},"end":{"line":11,"column":50}},"3":{"start":{"line":12,"column":40},"end":{"line":12,"column":54}},"4":{"start":{"line":13,"column":42},"end":{"line":13,"column":54}},"5":{"start":{"line":14,"column":48},"end":{"line":14,"column":60}},"6":{"start":{"line":15,"column":23},"end":{"line":17,"column":3}},"7":{"start":{"line":16,"column":4},"end":{"line":16,"column":33}},"8":{"start":{"line":18,"column":2},"end":{"line":43,"column":4}},"9":{"start":{"line":45,"column":0},"end":{"line":49,"column":2}},"10":{"start":{"line":50,"column":0},"end":{"line":54,"column":2}}},"fnMap":{"0":{"name":"(anonymous_0)","decl":{"start":{"line":9,"column":29},"end":{"line":9,"column":30}},"loc":{"start":{"line":9,"column":40},"end":{"line":44,"column":1}},"line":9},"1":{"name":"(anonymous_1)","decl":{"start":{"line":15,"column":23},"end":{"line":15,"column":24}},"loc":{"start":{"line":15,"column":29},"end":{"line":17,"column":3}},"line":15}},"branchMap":{"0":{"loc":{"start":{"line":29,"column":7},"end":{"line":41,"column":7}},"type":"cond-expr","locations":[{"start":{"line":30,"column":8},"end":{"line":38,"column":10}},{"start":{"line":40,"column":8},"end":{"line":40,"column":13}}],"line":29}},"s":{"0":0,"1":0,"2":0,"3":0,"4":0,"5":0,"6":0,"7":0,"8":0,"9":0,"10":0},"f":{"0":0,"1":0},"b":{"0":[0,0]}}
,"C:\\Users\\2078320\\Team%209%20-%20Manikantha\\frontend\\src\\component\\UI\\atoms\\SliderComponent\\SliderComponent.js": {"path":"C:\\Users\\2078320\\Team%209%20-%20Manikantha\\frontend\\src\\component\\UI\\atoms\\SliderComponent\\SliderComponent.js","statementMap":{"0":{"start":{"line":6,"column":24},"end":{"line":30,"column":1}},"1":{"start":{"line":7,"column":40},"end":{"line":7,"column":45}},"2":{"start":{"line":8,"column":28},"end":{"line":8,"column":48}},"3":{"start":{"line":9,"column":23},"end":{"line":12,"column":3}},"4":{"start":{"line":10,"column":4},"end":{"line":10,"column":28}},"5":{"start":{"line":11,"column":4},"end":{"line":11,"column":23}},"6":{"start":{"line":13,"column":2},"end":{"line":29,"column":4}},"7":{"start":{"line":31,"column":0},"end":{"line":34,"column":2}},"8":{"start":{"line":35,"column":0},"end":{"line":38,"column":2}}},"fnMap":{"0":{"name":"(anonymous_0)","decl":{"start":{"line":6,"column":24},"end":{"line":6,"column":25}},"loc":{"start":{"line":6,"column":35},"end":{"line":30,"column":1}},"line":6},"1":{"name":"(anonymous_1)","decl":{"start":{"line":9,"column":23},"end":{"line":9,"column":24}},"loc":{"start":{"line":9,"column":44},"end":{"line":12,"column":3}},"line":9}},"branchMap":{},"s":{"0":3,"1":2,"2":1,"3":1,"4":0,"5":0,"6":1,"7":3,"8":3},"f":{"0":2,"1":0},"b":{},"_coverageSchema":"1a1c01bbd47fc00a2c39e90264f33305004495a9","hash":"f779f1ed0740bf0faf8736cd52fec0530ecf1f73"}
,"C:\\Users\\2078320\\Team%209%20-%20Manikantha\\frontend\\src\\component\\UI\\atoms\\accordianComponent\\AccordianComponent.js": {"path":"C:\\Users\\2078320\\Team%209%20-%20Manikantha\\frontend\\src\\component\\UI\\atoms\\accordianComponent\\AccordianComponent.js","statementMap":{"0":{"start":{"line":7,"column":27},"end":{"line":70,"column":1}},"1":{"start":{"line":9,"column":4},"end":{"line":9,"column":9}},"2":{"start":{"line":10,"column":30},"end":{"line":10,"column":45}},"3":{"start":{"line":11,"column":30},"end":{"line":11,"column":40}},"4":{"start":{"line":13,"column":25},"end":{"line":18,"column":3}},"5":{"start":{"line":14,"column":4},"end":{"line":14,"column":23}},"6":{"start":{"line":15,"column":4},"end":{"line":15,"column":21}},"7":{"start":{"line":16,"column":4},"end":{"line":16,"column":27}},"8":{"start":{"line":17,"column":4},"end":{"line":17,"column":30}},"9":{"start":{"line":20,"column":28},"end":{"line":22,"column":3}},"10":{"start":{"line":21,"column":4},"end":{"line":21,"column":31}},"11":{"start":{"line":23,"column":24},"end":{"line":26,"column":3}},"12":{"start":{"line":24,"column":4},"end":{"line":24,"column":24}},"13":{"start":{"line":25,"column":4},"end":{"line":25,"column":27}},"14":{"start":{"line":27,"column":2},"end":{"line":69,"column":4}},"15":{"start":{"line":37,"column":8},"end":{"line":66,"column":14}},"16":{"start":{"line":40,"column":27},"end":{"line":40,"column":58}},"17":{"start":{"line":50,"column":12},"end":{"line":64,"column":18}},"18":{"start":{"line":54,"column":35},"end":{"line":54,"column":65}},"19":{"start":{"line":72,"column":0},"end":{"line":78,"column":2}},"20":{"start":{"line":79,"column":0},"end":{"line":85,"column":2}}},"fnMap":{"0":{"name":"(anonymous_0)","decl":{"start":{"line":7,"column":27},"end":{"line":7,"column":28}},"loc":{"start":{"line":7,"column":38},"end":{"line":70,"column":1}},"line":7},"1":{"name":"(anonymous_1)","decl":{"start":{"line":13,"column":25},"end":{"line":13,"column":26}},"loc":{"start":{"line":13,"column":46},"end":{"line":18,"column":3}},"line":13},"2":{"name":"(anonymous_2)","decl":{"start":{"line":20,"column":28},"end":{"line":20,"column":29}},"loc":{"start":{"line":20,"column":40},"end":{"line":22,"column":3}},"line":20},"3":{"name":"(anonymous_3)","decl":{"start":{"line":23,"column":24},"end":{"line":23,"column":25}},"loc":{"start":{"line":23,"column":30},"end":{"line":26,"column":3}},"line":23},"4":{"name":"(anonymous_4)","decl":{"start":{"line":36,"column":23},"end":{"line":36,"column":24}},"loc":{"start":{"line":37,"column":8},"end":{"line":66,"column":14}},"line":37},"5":{"name":"(anonymous_5)","decl":{"start":{"line":40,"column":21},"end":{"line":40,"column":22}},"loc":{"start":{"line":40,"column":27},"end":{"line":40,"column":58}},"line":40},"6":{"name":"(anonymous_6)","decl":{"start":{"line":49,"column":32},"end":{"line":49,"column":33}},"loc":{"start":{"line":50,"column":12},"end":{"line":64,"column":18}},"line":50},"7":{"name":"(anonymous_7)","decl":{"start":{"line":54,"column":29},"end":{"line":54,"column":30}},"loc":{"start":{"line":54,"column":35},"end":{"line":54,"column":65}},"line":54}},"branchMap":{"0":{"loc":{"start":{"line":43,"column":13},"end":{"line":47,"column":13}},"type":"cond-expr","locations":[{"start":{"line":44,"column":14},"end":{"line":44,"column":55}},{"start":{"line":46,"column":14},"end":{"line":46,"column":57}}],"line":43},"1":{"loc":{"start":{"line":43,"column":13},"end":{"line":43,"column":38}},"type":"binary-expr","locations":[{"start":{"line":43,"column":13},"end":{"line":43,"column":19}},{"start":{"line":43,"column":23},"end":{"line":43,"column":38}}],"line":43},"2":{"loc":{"start":{"line":51,"column":15},"end":{"line":63,"column":15}},"type":"cond-expr","locations":[{"start":{"line":52,"column":16},"end":{"line":60,"column":22}},{"start":{"line":62,"column":16},"end":{"line":62,"column":21}}],"line":51},"3":{"loc":{"start":{"line":51,"column":15},"end":{"line":51,"column":40}},"type":"binary-expr","locations":[{"start":{"line":51,"column":15},"end":{"line":51,"column":21}},{"start":{"line":51,"column":25},"end":{"line":51,"column":40}}],"line":51}},"s":{"0":3,"1":3,"2":3,"3":3,"4":3,"5":0,"6":0,"7":0,"8":0,"9":3,"10":0,"11":3,"12":0,"13":0,"14":3,"15":0,"16":0,"17":0,"18":0,"19":3,"20":3},"f":{"0":3,"1":0,"2":0,"3":0,"4":0,"5":0,"6":0,"7":0},"b":{"0":[0,0],"1":[0,0],"2":[0,0],"3":[0,0]},"_coverageSchema":"1a1c01bbd47fc00a2c39e90264f33305004495a9","hash":"2f2a1f521ab1765b26fe24893dfecd2b48335ad3"}
,"C:\\Users\\2078320\\Team%209%20-%20Manikantha\\frontend\\src\\component\\UI\\atoms\\buttonComponent\\ButtonComponent.js": {"path":"C:\\Users\\2078320\\Team%209%20-%20Manikantha\\frontend\\src\\component\\UI\\atoms\\buttonComponent\\ButtonComponent.js","statementMap":{"0":{"start":{"line":6,"column":24},"end":{"line":14,"column":1}},"1":{"start":{"line":7,"column":23},"end":{"line":7,"column":28}},"2":{"start":{"line":8,"column":2},"end":{"line":13,"column":4}},"3":{"start":{"line":15,"column":0},"end":{"line":17,"column":2}},"4":{"start":{"line":18,"column":0},"end":{"line":20,"column":2}}},"fnMap":{"0":{"name":"(anonymous_0)","decl":{"start":{"line":6,"column":24},"end":{"line":6,"column":25}},"loc":{"start":{"line":6,"column":35},"end":{"line":14,"column":1}},"line":6}},"branchMap":{},"s":{"0":1,"1":1,"2":1,"3":1,"4":1},"f":{"0":1},"b":{},"_coverageSchema":"1a1c01bbd47fc00a2c39e90264f33305004495a9","hash":"05788ce6696baa6823c91efb40652e5146403449"}
,"C:\\Users\\2078320\\Team%209%20-%20Manikantha\\frontend\\src\\component\\UI\\atoms\\categoryComponent\\CategoryComponent.js": {"path":"C:\\Users\\2078320\\Team%209%20-%20Manikantha\\frontend\\src\\component\\UI\\atoms\\categoryComponent\\CategoryComponent.js","statementMap":{"0":{"start":{"line":6,"column":26},"end":{"line":24,"column":1}},"1":{"start":{"line":7,"column":28},"end":{"line":7,"column":40}},"2":{"start":{"line":8,"column":25},"end":{"line":8,"column":30}},"3":{"start":{"line":13,"column":2},"end":{"line":23,"column":4}},"4":{"start":{"line":16,"column":8},"end":{"line":20,"column":25}},"5":{"start":{"line":25,"column":0},"end":{"line":27,"column":2}},"6":{"start":{"line":28,"column":0},"end":{"line":30,"column":2}}},"fnMap":{"0":{"name":"(anonymous_0)","decl":{"start":{"line":6,"column":26},"end":{"line":6,"column":27}},"loc":{"start":{"line":6,"column":37},"end":{"line":24,"column":1}},"line":6},"1":{"name":"(anonymous_1)","decl":{"start":{"line":15,"column":23},"end":{"line":15,"column":24}},"loc":{"start":{"line":16,"column":8},"end":{"line":20,"column":25}},"line":16}},"branchMap":{},"s":{"0":4,"1":1,"2":1,"3":1,"4":0,"5":4,"6":4},"f":{"0":1,"1":0},"b":{},"_coverageSchema":"1a1c01bbd47fc00a2c39e90264f33305004495a9","hash":"404e34fe6615d7d77683e00eaa29fb9039744930"}
,"C:\\Users\\2078320\\Team%209%20-%20Manikantha\\frontend\\src\\component\\UI\\atoms\\dropDownComponent\\DropDownComponent.js": {"path":"C:\\Users\\2078320\\Team%209%20-%20Manikantha\\frontend\\src\\component\\UI\\atoms\\dropDownComponent\\DropDownComponent.js","statementMap":{"0":{"start":{"line":5,"column":26},"end":{"line":25,"column":1}},"1":{"start":{"line":6,"column":36},"end":{"line":6,"column":41}},"2":{"start":{"line":7,"column":18},"end":{"line":7,"column":42}},"3":{"start":{"line":8,"column":2},"end":{"line":24,"column":4}},"4":{"start":{"line":13,"column":27},"end":{"line":13,"column":54}},"5":{"start":{"line":19,"column":12},"end":{"line":19,"column":51}},"6":{"start":{"line":26,"column":0},"end":{"line":29,"column":2}},"7":{"start":{"line":30,"column":0},"end":{"line":33,"column":2}}},"fnMap":{"0":{"name":"(anonymous_0)","decl":{"start":{"line":5,"column":26},"end":{"line":5,"column":27}},"loc":{"start":{"line":5,"column":37},"end":{"line":25,"column":1}},"line":5},"1":{"name":"(anonymous_1)","decl":{"start":{"line":13,"column":20},"end":{"line":13,"column":21}},"loc":{"start":{"line":13,"column":27},"end":{"line":13,"column":54}},"line":13},"2":{"name":"(anonymous_2)","decl":{"start":{"line":18,"column":26},"end":{"line":18,"column":27}},"loc":{"start":{"line":19,"column":12},"end":{"line":19,"column":51}},"line":19},"3":{"name":"(anonymous_3)","decl":{"start":{"line":31,"column":15},"end":{"line":31,"column":16}},"loc":{"start":{"line":31,"column":21},"end":{"line":31,"column":23}},"line":31}},"branchMap":{"0":{"loc":{"start":{"line":18,"column":27},"end":{"line":18,"column":50}},"type":"default-arg","locations":[{"start":{"line":18,"column":45},"end":{"line":18,"column":50}}],"line":18}},"s":{"0":3,"1":1,"2":1,"3":1,"4":0,"5":0,"6":3,"7":3},"f":{"0":1,"1":0,"2":0,"3":0},"b":{"0":[0]},"_coverageSchema":"1a1c01bbd47fc00a2c39e90264f33305004495a9","hash":"53c1adcae08735d538406d60482d74d669e81c69"}
,"C:\\Users\\2078320\\Team%209%20-%20Manikantha\\frontend\\src\\component\\UI\\atoms\\imageComponent\\ImageComponent.js": {"path":"C:\\Users\\2078320\\Team%209%20-%20Manikantha\\frontend\\src\\component\\UI\\atoms\\imageComponent\\ImageComponent.js","statementMap":{"0":{"start":{"line":6,"column":23},"end":{"line":14,"column":1}},"1":{"start":{"line":7,"column":22},"end":{"line":7,"column":27}},"2":{"start":{"line":8,"column":2},"end":{"line":13,"column":4}},"3":{"start":{"line":15,"column":0},"end":{"line":17,"column":2}},"4":{"start":{"line":18,"column":0},"end":{"line":20,"column":2}}},"fnMap":{"0":{"name":"(anonymous_0)","decl":{"start":{"line":6,"column":23},"end":{"line":6,"column":24}},"loc":{"start":{"line":6,"column":34},"end":{"line":14,"column":1}},"line":6}},"branchMap":{},"s":{"0":1,"1":1,"2":1,"3":1,"4":1},"f":{"0":1},"b":{},"_coverageSchema":"1a1c01bbd47fc00a2c39e90264f33305004495a9","hash":"af0dcbc74d92f9e59929771b28a1f099571fc3d0"}
,"C:\\Users\\2078320\\Team%209%20-%20Manikantha\\frontend\\src\\component\\UI\\atoms\\productCardComponent\\ProductCardComponent.js": {"path":"C:\\Users\\2078320\\Team%209%20-%20Manikantha\\frontend\\src\\component\\UI\\atoms\\productCardComponent\\ProductCardComponent.js","statementMap":{"0":{"start":{"line":7,"column":29},"end":{"line":22,"column":1}},"1":{"start":{"line":8,"column":22},"end":{"line":8,"column":27}},"2":{"start":{"line":9,"column":2},"end":{"line":21,"column":4}},"3":{"start":{"line":23,"column":0},"end":{"line":25,"column":2}},"4":{"start":{"line":26,"column":0},"end":{"line":28,"column":2}}},"fnMap":{"0":{"name":"(anonymous_0)","decl":{"start":{"line":7,"column":29},"end":{"line":7,"column":30}},"loc":{"start":{"line":7,"column":40},"end":{"line":22,"column":1}},"line":7}},"branchMap":{},"s":{"0":2,"1":1,"2":1,"3":2,"4":2},"f":{"0":1},"b":{},"_coverageSchema":"1a1c01bbd47fc00a2c39e90264f33305004495a9","hash":"571bed8989e42729499207caa35d00c390a32a46"}
,"C:\\Users\\2078320\\Team%209%20-%20Manikantha\\frontend\\src\\component\\UI\\atoms\\quantityUpdateComponent\\QuantityUpdateComponent.js": {"path":"C:\\Users\\2078320\\Team%209%20-%20Manikantha\\frontend\\src\\component\\UI\\atoms\\quantityUpdateComponent\\QuantityUpdateComponent.js","statementMap":{"0":{"start":{"line":5,"column":32},"end":{"line":30,"column":1}},"1":{"start":{"line":6,"column":45},"end":{"line":6,"column":50}},"2":{"start":{"line":7,"column":27},"end":{"line":12,"column":3}},"3":{"start":{"line":8,"column":4},"end":{"line":11,"column":5}},"4":{"start":{"line":9,"column":18},"end":{"line":9,"column":30}},"5":{"start":{"line":10,"column":6},"end":{"line":10,"column":23}},"6":{"start":{"line":13,"column":27},"end":{"line":18,"column":3}},"7":{"start":{"line":14,"column":4},"end":{"line":17,"column":5}},"8":{"start":{"line":15,"column":18},"end":{"line":15,"column":30}},"9":{"start":{"line":16,"column":6},"end":{"line":16,"column":23}},"10":{"start":{"line":19,"column":2},"end":{"line":29,"column":4}},"11":{"start":{"line":31,"column":0},"end":{"line":35,"column":2}},"12":{"start":{"line":36,"column":0},"end":{"line":40,"column":2}}},"fnMap":{"0":{"name":"(anonymous_0)","decl":{"start":{"line":5,"column":32},"end":{"line":5,"column":33}},"loc":{"start":{"line":5,"column":43},"end":{"line":30,"column":1}},"line":5},"1":{"name":"(anonymous_1)","decl":{"start":{"line":7,"column":27},"end":{"line":7,"column":28}},"loc":{"start":{"line":7,"column":33},"end":{"line":12,"column":3}},"line":7},"2":{"name":"(anonymous_2)","decl":{"start":{"line":13,"column":27},"end":{"line":13,"column":28}},"loc":{"start":{"line":13,"column":33},"end":{"line":18,"column":3}},"line":13},"3":{"name":"(anonymous_3)","decl":{"start":{"line":39,"column":15},"end":{"line":39,"column":16}},"loc":{"start":{"line":39,"column":21},"end":{"line":39,"column":23}},"line":39}},"branchMap":{"0":{"loc":{"start":{"line":8,"column":4},"end":{"line":11,"column":5}},"type":"if","locations":[{"start":{"line":8,"column":4},"end":{"line":11,"column":5}},{"start":{},"end":{}}],"line":8},"1":{"loc":{"start":{"line":14,"column":4},"end":{"line":17,"column":5}},"type":"if","locations":[{"start":{"line":14,"column":4},"end":{"line":17,"column":5}},{"start":{},"end":{}}],"line":14}},"s":{"0":1,"1":7,"2":7,"3":2,"4":0,"5":0,"6":7,"7":0,"8":0,"9":0,"10":7,"11":1,"12":1},"f":{"0":7,"1":2,"2":0,"3":0},"b":{"0":[0,2],"1":[0,0]},"_coverageSchema":"1a1c01bbd47fc00a2c39e90264f33305004495a9","hash":"4a1ab6dc0a3225abf631ff21a7ba0880f797a54a"}
,"C:\\Users\\2078320\\Team%209%20-%20Manikantha\\frontend\\src\\component\\UI\\atoms\\searchBarComponent\\SearchBarComponent.js": {"path":"C:\\Users\\2078320\\Team%209%20-%20Manikantha\\frontend\\src\\component\\UI\\atoms\\searchBarComponent\\SearchBarComponent.js","statementMap":{"0":{"start":{"line":4,"column":27},"end":{"line":15,"column":1}},"1":{"start":{"line":5,"column":2},"end":{"line":14,"column":4}}},"fnMap":{"0":{"name":"(anonymous_0)","decl":{"start":{"line":4,"column":27},"end":{"line":4,"column":28}},"loc":{"start":{"line":4,"column":33},"end":{"line":15,"column":1}},"line":4}},"branchMap":{},"s":{"0":2,"1":1},"f":{"0":1},"b":{},"_coverageSchema":"1a1c01bbd47fc00a2c39e90264f33305004495a9","hash":"c5ce249c26a298356be88c5c605ca0cf4ed4ea7a"}
,"C:\\Users\\2078320\\Team%209%20-%20Manikantha\\frontend\\src\\component\\UI\\atoms\\truncateComponent\\TruncateComponent.js": {"path":"C:\\Users\\2078320\\Team%209%20-%20Manikantha\\frontend\\src\\component\\UI\\atoms\\truncateComponent\\TruncateComponent.js","statementMap":{"0":{"start":{"line":7,"column":26},"end":{"line":37,"column":1}},"1":{"start":{"line":8,"column":26},"end":{"line":8,"column":31}},"2":{"start":{"line":9,"column":38},"end":{"line":9,"column":52}},"3":{"start":{"line":10,"column":25},"end":{"line":12,"column":3}},"4":{"start":{"line":11,"column":4},"end":{"line":11,"column":31}},"5":{"start":{"line":13,"column":2},"end":{"line":36,"column":4}},"6":{"start":{"line":38,"column":0},"end":{"line":40,"column":2}},"7":{"start":{"line":41,"column":0},"end":{"line":43,"column":2}}},"fnMap":{"0":{"name":"(anonymous_0)","decl":{"start":{"line":7,"column":26},"end":{"line":7,"column":27}},"loc":{"start":{"line":7,"column":37},"end":{"line":37,"column":1}},"line":7},"1":{"name":"(anonymous_1)","decl":{"start":{"line":10,"column":25},"end":{"line":10,"column":26}},"loc":{"start":{"line":10,"column":31},"end":{"line":12,"column":3}},"line":10}},"branchMap":{"0":{"loc":{"start":{"line":15,"column":7},"end":{"line":19,"column":7}},"type":"cond-expr","locations":[{"start":{"line":16,"column":8},"end":{"line":16,"column":45}},{"start":{"line":18,"column":8},"end":{"line":18,"column":28}}],"line":15},"1":{"loc":{"start":{"line":15,"column":7},"end":{"line":15,"column":32}},"type":"binary-expr","locations":[{"start":{"line":15,"column":7},"end":{"line":15,"column":17}},{"start":{"line":15,"column":21},"end":{"line":15,"column":32}}],"line":15},"2":{"loc":{"start":{"line":25,"column":9},"end":{"line":33,"column":9}},"type":"cond-expr","locations":[{"start":{"line":26,"column":10},"end":{"line":28,"column":14}},{"start":{"line":30,"column":10},"end":{"line":32,"column":14}}],"line":25}},"s":{"0":2,"1":2,"2":2,"3":2,"4":0,"5":2,"6":2,"7":2},"f":{"0":2,"1":0},"b":{"0":[0,2],"1":[2,2],"2":[2,0]},"_coverageSchema":"1a1c01bbd47fc00a2c39e90264f33305004495a9","hash":"c09cb5da23fa162b4b998ef504b1ab9a6ffc74e9"}
,"C:\\Users\\2078320\\Team%209%20-%20Manikantha\\frontend\\src\\component\\UI\\molecules\\categoriesFilterComponent\\CategoriesFilterComponent.js": {"path":"C:\\Users\\2078320\\Team%209%20-%20Manikantha\\frontend\\src\\component\\UI\\molecules\\categoriesFilterComponent\\CategoriesFilterComponent.js","statementMap":{"0":{"start":{"line":6,"column":34},"end":{"line":23,"column":1}},"1":{"start":{"line":8,"column":4},"end":{"line":8,"column":9}},"2":{"start":{"line":9,"column":2},"end":{"line":22,"column":4}},"3":{"start":{"line":24,"column":0},"end":{"line":30,"column":2}},"4":{"start":{"line":31,"column":0},"end":{"line":37,"column":2}}},"fnMap":{"0":{"name":"(anonymous_0)","decl":{"start":{"line":6,"column":34},"end":{"line":6,"column":35}},"loc":{"start":{"line":6,"column":45},"end":{"line":23,"column":1}},"line":6}},"branchMap":{},"s":{"0":2,"1":1,"2":1,"3":2,"4":2},"f":{"0":1},"b":{},"_coverageSchema":"1a1c01bbd47fc00a2c39e90264f33305004495a9","hash":"82b9d31a2ca51f89fcacef7e996475b59e725cf5"}
,"C:\\Users\\2078320\\Team%209%20-%20Manikantha\\frontend\\src\\component\\UI\\molecules\\detailsComponent\\DetailsComponent.js": {"path":"C:\\Users\\2078320\\Team%209%20-%20Manikantha\\frontend\\src\\component\\UI\\molecules\\detailsComponent\\DetailsComponent.js","statementMap":{"0":{"start":{"line":5,"column":25},"end":{"line":14,"column":1}},"1":{"start":{"line":6,"column":22},"end":{"line":6,"column":27}},"2":{"start":{"line":7,"column":2},"end":{"line":13,"column":4}},"3":{"start":{"line":15,"column":0},"end":{"line":17,"column":2}},"4":{"start":{"line":18,"column":0},"end":{"line":20,"column":2}}},"fnMap":{"0":{"name":"(anonymous_0)","decl":{"start":{"line":5,"column":25},"end":{"line":5,"column":26}},"loc":{"start":{"line":5,"column":36},"end":{"line":14,"column":1}},"line":5}},"branchMap":{},"s":{"0":1,"1":1,"2":1,"3":1,"4":1},"f":{"0":1},"b":{},"_coverageSchema":"1a1c01bbd47fc00a2c39e90264f33305004495a9","hash":"584aa8b8c213b93a06f0f23007135c9eb3141012"}
,"C:\\Users\\2078320\\Team%209%20-%20Manikantha\\frontend\\src\\component\\UI\\molecules\\filterByPriceComponent\\FilterByPriceComponent.js": {"path":"C:\\Users\\2078320\\Team%209%20-%20Manikantha\\frontend\\src\\component\\UI\\molecules\\filterByPriceComponent\\FilterByPriceComponent.js","statementMap":{"0":{"start":{"line":7,"column":31},"end":{"line":19,"column":1}},"1":{"start":{"line":8,"column":28},"end":{"line":8,"column":33}},"2":{"start":{"line":9,"column":20},"end":{"line":9,"column":31}},"3":{"start":{"line":10,"column":2},"end":{"line":18,"column":4}},"4":{"start":{"line":20,"column":0},"end":{"line":22,"column":2}},"5":{"start":{"line":23,"column":0},"end":{"line":25,"column":2}}},"fnMap":{"0":{"name":"(anonymous_0)","decl":{"start":{"line":7,"column":31},"end":{"line":7,"column":32}},"loc":{"start":{"line":7,"column":42},"end":{"line":19,"column":1}},"line":7},"1":{"name":"(anonymous_1)","decl":{"start":{"line":24,"column":17},"end":{"line":24,"column":18}},"loc":{"start":{"line":24,"column":23},"end":{"line":24,"column":25}},"line":24}},"branchMap":{},"s":{"0":2,"1":1,"2":1,"3":1,"4":2,"5":2},"f":{"0":1,"1":0},"b":{},"_coverageSchema":"1a1c01bbd47fc00a2c39e90264f33305004495a9","hash":"39ba2d41b9bad40c2b4e45606237071aa2d621b0"}
,"C:\\Users\\2078320\\Team%209%20-%20Manikantha\\frontend\\src\\component\\UI\\molecules\\navbarComponent\\DrawerComponent.js": {"path":"C:\\Users\\2078320\\Team%209%20-%20Manikantha\\frontend\\src\\component\\UI\\molecules\\navbarComponent\\DrawerComponent.js","statementMap":{"0":{"start":{"line":8,"column":22},"end":{"line":11,"column":1}},"1":{"start":{"line":13,"column":24},"end":{"line":35,"column":1}},"2":{"start":{"line":14,"column":38},"end":{"line":14,"column":53}},"3":{"start":{"line":15,"column":25},"end":{"line":15,"column":30}},"4":{"start":{"line":16,"column":25},"end":{"line":18,"column":3}},"5":{"start":{"line":17,"column":4},"end":{"line":17,"column":31}},"6":{"start":{"line":19,"column":2},"end":{"line":34,"column":4}},"7":{"start":{"line":36,"column":0},"end":{"line":38,"column":2}},"8":{"start":{"line":39,"column":0},"end":{"line":41,"column":2}}},"fnMap":{"0":{"name":"(anonymous_0)","decl":{"start":{"line":13,"column":24},"end":{"line":13,"column":25}},"loc":{"start":{"line":13,"column":35},"end":{"line":35,"column":1}},"line":13},"1":{"name":"(anonymous_1)","decl":{"start":{"line":16,"column":25},"end":{"line":16,"column":26}},"loc":{"start":{"line":16,"column":31},"end":{"line":18,"column":3}},"line":16}},"branchMap":{},"s":{"0":2,"1":2,"2":1,"3":1,"4":1,"5":0,"6":1,"7":2,"8":2},"f":{"0":1,"1":0},"b":{},"_coverageSchema":"1a1c01bbd47fc00a2c39e90264f33305004495a9","hash":"6af458c2b07d4c1a7275823a3721fe4f51b86e15"}
,"C:\\Users\\2078320\\Team%209%20-%20Manikantha\\frontend\\src\\component\\UI\\molecules\\navbarComponent\\NavbarComponent.js": {"path":"C:\\Users\\2078320\\Team%209%20-%20Manikantha\\frontend\\src\\component\\UI\\molecules\\navbarComponent\\NavbarComponent.js","statementMap":{"0":{"start":{"line":6,"column":24},"end":{"line":15,"column":1}},"1":{"start":{"line":7,"column":25},"end":{"line":7,"column":30}},"2":{"start":{"line":8,"column":2},"end":{"line":14,"column":4}},"3":{"start":{"line":16,"column":0},"end":{"line":18,"column":2}},"4":{"start":{"line":19,"column":0},"end":{"line":21,"column":2}}},"fnMap":{"0":{"name":"(anonymous_0)","decl":{"start":{"line":6,"column":24},"end":{"line":6,"column":25}},"loc":{"start":{"line":6,"column":35},"end":{"line":15,"column":1}},"line":6}},"branchMap":{},"s":{"0":2,"1":1,"2":1,"3":2,"4":2},"f":{"0":1},"b":{},"_coverageSchema":"1a1c01bbd47fc00a2c39e90264f33305004495a9","hash":"ba943a46d0a6d6e9c19bf136837aad1fc32956bb"}
,"C:\\Users\\2078320\\Team%209%20-%20Manikantha\\frontend\\src\\component\\UI\\molecules\\productDataComponent\\ProductDataComponent.js": {"path":"C:\\Users\\2078320\\Team%209%20-%20Manikantha\\frontend\\src\\component\\UI\\molecules\\productDataComponent\\ProductDataComponent.js","statementMap":{"0":{"start":{"line":5,"column":29},"end":{"line":17,"column":1}},"1":{"start":{"line":6,"column":22},"end":{"line":6,"column":27}},"2":{"start":{"line":7,"column":2},"end":{"line":16,"column":4}},"3":{"start":{"line":18,"column":0},"end":{"line":20,"column":2}},"4":{"start":{"line":21,"column":0},"end":{"line":23,"column":2}}},"fnMap":{"0":{"name":"(anonymous_0)","decl":{"start":{"line":5,"column":29},"end":{"line":5,"column":30}},"loc":{"start":{"line":5,"column":40},"end":{"line":17,"column":1}},"line":5}},"branchMap":{},"s":{"0":1,"1":1,"2":1,"3":1,"4":1},"f":{"0":1},"b":{},"_coverageSchema":"1a1c01bbd47fc00a2c39e90264f33305004495a9","hash":"fad94d259dc9549b6dece4a4e96f82ac48ea70c5"}
,"C:\\Users\\2078320\\Team%209%20-%20Manikantha\\frontend\\src\\component\\UI\\molecules\\sortingComponent\\SortingComponent.js": {"path":"C:\\Users\\2078320\\Team%209%20-%20Manikantha\\frontend\\src\\component\\UI\\molecules\\sortingComponent\\SortingComponent.js","statementMap":{"0":{"start":{"line":5,"column":25},"end":{"line":16,"column":1}},"1":{"start":{"line":6,"column":26},"end":{"line":6,"column":31}},"2":{"start":{"line":7,"column":20},"end":{"line":7,"column":31}},"3":{"start":{"line":8,"column":2},"end":{"line":15,"column":4}},"4":{"start":{"line":17,"column":0},"end":{"line":19,"column":2}},"5":{"start":{"line":20,"column":0},"end":{"line":22,"column":2}}},"fnMap":{"0":{"name":"(anonymous_0)","decl":{"start":{"line":5,"column":25},"end":{"line":5,"column":26}},"loc":{"start":{"line":5,"column":36},"end":{"line":16,"column":1}},"line":5},"1":{"name":"(anonymous_1)","decl":{"start":{"line":21,"column":15},"end":{"line":21,"column":16}},"loc":{"start":{"line":21,"column":21},"end":{"line":21,"column":23}},"line":21}},"branchMap":{},"s":{"0":2,"1":1,"2":1,"3":1,"4":2,"5":2},"f":{"0":1,"1":0},"b":{},"_coverageSchema":"1a1c01bbd47fc00a2c39e90264f33305004495a9","hash":"92635a50b8b53698b2eda68cca085e3f722a5cfe"}
,"C:\\Users\\2078320\\Team%209%20-%20Manikantha\\frontend\\src\\component\\UI\\molecules\\totalComponent\\TotalComponent.js": {"path":"C:\\Users\\2078320\\Team%209%20-%20Manikantha\\frontend\\src\\component\\UI\\molecules\\totalComponent\\TotalComponent.js","statementMap":{"0":{"start":{"line":5,"column":23},"end":{"line":13,"column":1}},"1":{"start":{"line":6,"column":32},"end":{"line":6,"column":37}},"2":{"start":{"line":7,"column":2},"end":{"line":12,"column":4}},"3":{"start":{"line":14,"column":0},"end":{"line":17,"column":2}},"4":{"start":{"line":18,"column":0},"end":{"line":21,"column":2}}},"fnMap":{"0":{"name":"(anonymous_0)","decl":{"start":{"line":5,"column":23},"end":{"line":5,"column":24}},"loc":{"start":{"line":5,"column":34},"end":{"line":13,"column":1}},"line":5}},"branchMap":{},"s":{"0":1,"1":1,"2":1,"3":1,"4":1},"f":{"0":1},"b":{},"_coverageSchema":"1a1c01bbd47fc00a2c39e90264f33305004495a9","hash":"a5f722eb6869f462754ae937554bd9a254c6a649"}
,"C:\\Users\\2078320\\Team%209%20-%20Manikantha\\frontend\\src\\component\\UI\\organism\\FilterComponent\\FilterComponent.js": {"path":"C:\\Users\\2078320\\Team%209%20-%20Manikantha\\frontend\\src\\component\\UI\\organism\\FilterComponent\\FilterComponent.js","statementMap":{"0":{"start":{"line":7,"column":24},"end":{"line":31,"column":1}},"1":{"start":{"line":15,"column":6},"end":{"line":15,"column":11}},"2":{"start":{"line":16,"column":2},"end":{"line":30,"column":4}},"3":{"start":{"line":32,"column":0},"end":{"line":39,"column":2}},"4":{"start":{"line":40,"column":0},"end":{"line":47,"column":2}}},"fnMap":{"0":{"name":"(anonymous_0)","decl":{"start":{"line":7,"column":24},"end":{"line":7,"column":25}},"loc":{"start":{"line":7,"column":35},"end":{"line":31,"column":1}},"line":7},"1":{"name":"(anonymous_1)","decl":{"start":{"line":41,"column":17},"end":{"line":41,"column":18}},"loc":{"start":{"line":41,"column":23},"end":{"line":41,"column":25}},"line":41},"2":{"name":"(anonymous_2)","decl":{"start":{"line":42,"column":19},"end":{"line":42,"column":20}},"loc":{"start":{"line":42,"column":25},"end":{"line":42,"column":27}},"line":42},"3":{"name":"(anonymous_3)","decl":{"start":{"line":43,"column":22},"end":{"line":43,"column":23}},"loc":{"start":{"line":43,"column":28},"end":{"line":43,"column":30}},"line":43}},"branchMap":{},"s":{"0":1,"1":1,"2":1,"3":1,"4":1},"f":{"0":1,"1":0,"2":0,"3":0},"b":{},"_coverageSchema":"1a1c01bbd47fc00a2c39e90264f33305004495a9","hash":"a9fd432fdacc6fb6c7dc0f4ae3306768cad2aaba"}
,"C:\\Users\\2078320\\Team%209%20-%20Manikantha\\frontend\\src\\component\\UI\\organism\\headerComponent\\HeaderComponent.js": {"path":"C:\\Users\\2078320\\Team%209%20-%20Manikantha\\frontend\\src\\component\\UI\\organism\\headerComponent\\HeaderComponent.js","statementMap":{"0":{"start":{"line":12,"column":22},"end":{"line":21,"column":1}},"1":{"start":{"line":22,"column":20},"end":{"line":24,"column":1}},"2":{"start":{"line":26,"column":24},"end":{"line":67,"column":1}},"3":{"start":{"line":27,"column":38},"end":{"line":27,"column":43}},"4":{"start":{"line":28,"column":2},"end":{"line":66,"column":4}},"5":{"start":{"line":68,"column":0},"end":{"line":70,"column":2}},"6":{"start":{"line":71,"column":0},"end":{"line":73,"column":2}}},"fnMap":{"0":{"name":"(anonymous_0)","decl":{"start":{"line":26,"column":24},"end":{"line":26,"column":25}},"loc":{"start":{"line":26,"column":35},"end":{"line":67,"column":1}},"line":26}},"branchMap":{},"s":{"0":1,"1":1,"2":1,"3":1,"4":1,"5":1,"6":1},"f":{"0":1},"b":{},"_coverageSchema":"1a1c01bbd47fc00a2c39e90264f33305004495a9","hash":"406dc15c45ece9097afac3e4a39905abc2180243"}
,"C:\\Users\\2078320\\Team%209%20-%20Manikantha\\frontend\\src\\component\\UI\\organism\\productDetailsComponent\\ProductDetailsComponent.js": {"path":"C:\\Users\\2078320\\Team%209%20-%20Manikantha\\frontend\\src\\component\\UI\\organism\\productDetailsComponent\\ProductDetailsComponent.js","statementMap":{"0":{"start":{"line":16,"column":32},"end":{"line":68,"column":1}},"1":{"start":{"line":17,"column":22},"end":{"line":17,"column":27}},"2":{"start":{"line":18,"column":34},"end":{"line":18,"column":45}},"3":{"start":{"line":19,"column":20},"end":{"line":19,"column":31}},"4":{"start":{"line":20,"column":19},"end":{"line":20,"column":32}},"5":{"start":{"line":22,"column":27},"end":{"line":30,"column":3}},"6":{"start":{"line":23,"column":4},"end":{"line":29,"column":6}},"7":{"start":{"line":32,"column":2},"end":{"line":67,"column":4}},"8":{"start":{"line":69,"column":0},"end":{"line":71,"column":2}},"9":{"start":{"line":72,"column":0},"end":{"line":74,"column":2}}},"fnMap":{"0":{"name":"(anonymous_0)","decl":{"start":{"line":16,"column":32},"end":{"line":16,"column":33}},"loc":{"start":{"line":16,"column":43},"end":{"line":68,"column":1}},"line":16},"1":{"name":"(anonymous_1)","decl":{"start":{"line":22,"column":27},"end":{"line":22,"column":28}},"loc":{"start":{"line":22,"column":33},"end":{"line":30,"column":3}},"line":22}},"branchMap":{},"s":{"0":0,"1":0,"2":0,"3":0,"4":0,"5":0,"6":0,"7":0,"8":0,"9":0},"f":{"0":0,"1":0},"b":{}}
,"C:\\Users\\2078320\\Team%209%20-%20Manikantha\\frontend\\src\\component\\UI\\organism\\productsListComponent\\ProductListComponent.js": {"path":"C:\\Users\\2078320\\Team%209%20-%20Manikantha\\frontend\\src\\component\\UI\\organism\\productsListComponent\\ProductListComponent.js","statementMap":{"0":{"start":{"line":9,"column":29},"end":{"line":85,"column":1}},"1":{"start":{"line":10,"column":66},"end":{"line":10,"column":71}},"2":{"start":{"line":11,"column":34},"end":{"line":11,"column":46}},"3":{"start":{"line":12,"column":26},"end":{"line":12,"column":38}},"4":{"start":{"line":13,"column":2},"end":{"line":66,"column":70}},"5":{"start":{"line":14,"column":4},"end":{"line":61,"column":5}},"6":{"start":{"line":15,"column":6},"end":{"line":33,"column":7}},"7":{"start":{"line":16,"column":8},"end":{"line":16,"column":47}},"8":{"start":{"line":18,"column":8},"end":{"line":32,"column":9}},"9":{"start":{"line":19,"column":10},"end":{"line":23,"column":12}},"10":{"start":{"line":21,"column":27},"end":{"line":21,"column":60}},"11":{"start":{"line":25,"column":10},"end":{"line":31,"column":12}},"12":{"start":{"line":28,"column":16},"end":{"line":29,"column":55}},"13":{"start":{"line":35,"column":6},"end":{"line":60,"column":7}},"14":{"start":{"line":36,"column":8},"end":{"line":40,"column":10}},"15":{"start":{"line":38,"column":12},"end":{"line":38,"column":49}},"16":{"start":{"line":42,"column":8},"end":{"line":59,"column":9}},"17":{"start":{"line":43,"column":10},"end":{"line":49,"column":12}},"18":{"start":{"line":46,"column":16},"end":{"line":47,"column":49}},"19":{"start":{"line":51,"column":10},"end":{"line":58,"column":12}},"20":{"start":{"line":54,"column":16},"end":{"line":56,"column":55}},"21":{"start":{"line":63,"column":4},"end":{"line":65,"column":5}},"22":{"start":{"line":64,"column":6},"end":{"line":64,"column":24}},"23":{"start":{"line":68,"column":2},"end":{"line":84,"column":4}},"24":{"start":{"line":79,"column":12},"end":{"line":79,"column":72}},"25":{"start":{"line":86,"column":0},"end":{"line":91,"column":2}},"26":{"start":{"line":92,"column":0},"end":{"line":97,"column":2}}},"fnMap":{"0":{"name":"(anonymous_0)","decl":{"start":{"line":9,"column":29},"end":{"line":9,"column":30}},"loc":{"start":{"line":9,"column":40},"end":{"line":85,"column":1}},"line":9},"1":{"name":"(anonymous_1)","decl":{"start":{"line":13,"column":12},"end":{"line":13,"column":13}},"loc":{"start":{"line":13,"column":18},"end":{"line":66,"column":3}},"line":13},"2":{"name":"(anonymous_2)","decl":{"start":{"line":21,"column":14},"end":{"line":21,"column":15}},"loc":{"start":{"line":21,"column":27},"end":{"line":21,"column":60}},"line":21},"3":{"name":"(anonymous_3)","decl":{"start":{"line":27,"column":14},"end":{"line":27,"column":15}},"loc":{"start":{"line":28,"column":16},"end":{"line":29,"column":55}},"line":28},"4":{"name":"(anonymous_4)","decl":{"start":{"line":37,"column":47},"end":{"line":37,"column":48}},"loc":{"start":{"line":38,"column":12},"end":{"line":38,"column":49}},"line":38},"5":{"name":"(anonymous_5)","decl":{"start":{"line":45,"column":14},"end":{"line":45,"column":15}},"loc":{"start":{"line":46,"column":16},"end":{"line":47,"column":49}},"line":46},"6":{"name":"(anonymous_6)","decl":{"start":{"line":53,"column":14},"end":{"line":53,"column":15}},"loc":{"start":{"line":54,"column":16},"end":{"line":56,"column":55}},"line":54},"7":{"name":"(anonymous_7)","decl":{"start":{"line":78,"column":21},"end":{"line":78,"column":22}},"loc":{"start":{"line":79,"column":12},"end":{"line":79,"column":72}},"line":79}},"branchMap":{"0":{"loc":{"start":{"line":14,"column":4},"end":{"line":61,"column":5}},"type":"if","locations":[{"start":{"line":14,"column":4},"end":{"line":61,"column":5}},{"start":{"line":34,"column":11},"end":{"line":61,"column":5}}],"line":14},"1":{"loc":{"start":{"line":15,"column":6},"end":{"line":33,"column":7}},"type":"if","locations":[{"start":{"line":15,"column":6},"end":{"line":33,"column":7}},{"start":{"line":17,"column":13},"end":{"line":33,"column":7}}],"line":15},"2":{"loc":{"start":{"line":18,"column":8},"end":{"line":32,"column":9}},"type":"if","locations":[{"start":{"line":18,"column":8},"end":{"line":32,"column":9}},{"start":{"line":24,"column":15},"end":{"line":32,"column":9}}],"line":18},"3":{"loc":{"start":{"line":28,"column":16},"end":{"line":29,"column":55}},"type":"binary-expr","locations":[{"start":{"line":28,"column":16},"end":{"line":28,"column":49}},{"start":{"line":29,"column":16},"end":{"line":29,"column":55}}],"line":28},"4":{"loc":{"start":{"line":35,"column":6},"end":{"line":60,"column":7}},"type":"if","locations":[{"start":{"line":35,"column":6},"end":{"line":60,"column":7}},{"start":{"line":41,"column":13},"end":{"line":60,"column":7}}],"line":35},"5":{"loc":{"start":{"line":42,"column":8},"end":{"line":59,"column":9}},"type":"if","locations":[{"start":{"line":42,"column":8},"end":{"line":59,"column":9}},{"start":{"line":50,"column":15},"end":{"line":59,"column":9}}],"line":42},"6":{"loc":{"start":{"line":46,"column":16},"end":{"line":47,"column":49}},"type":"binary-expr","locations":[{"start":{"line":46,"column":16},"end":{"line":46,"column":53}},{"start":{"line":47,"column":16},"end":{"line":47,"column":49}}],"line":46},"7":{"loc":{"start":{"line":54,"column":16},"end":{"line":56,"column":55}},"type":"binary-expr","locations":[{"start":{"line":54,"column":16},"end":{"line":54,"column":53}},{"start":{"line":55,"column":16},"end":{"line":55,"column":49}},{"start":{"line":56,"column":16},"end":{"line":56,"column":55}}],"line":54},"8":{"loc":{"start":{"line":63,"column":4},"end":{"line":65,"column":5}},"type":"if","locations":[{"start":{"line":63,"column":4},"end":{"line":65,"column":5}},{"start":{},"end":{}}],"line":63},"9":{"loc":{"start":{"line":63,"column":8},"end":{"line":63,"column":57}},"type":"binary-expr","locations":[{"start":{"line":63,"column":8},"end":{"line":63,"column":25}},{"start":{"line":63,"column":29},"end":{"line":63,"column":42}},{"start":{"line":63,"column":46},"end":{"line":63,"column":57}}],"line":63},"10":{"loc":{"start":{"line":72,"column":9},"end":{"line":76,"column":9}},"type":"cond-expr","locations":[{"start":{"line":73,"column":10},"end":{"line":73,"column":64}},{"start":{"line":75,"column":10},"end":{"line":75,"column":50}}],"line":72}},"s":{"0":1,"1":1,"2":1,"3":1,"4":1,"5":0,"6":0,"7":0,"8":0,"9":0,"10":0,"11":0,"12":0,"13":0,"14":0,"15":0,"16":0,"17":0,"18":0,"19":0,"20":0,"21":0,"22":0,"23":1,"24":0,"25":1,"26":1},"f":{"0":1,"1":0,"2":0,"3":0,"4":0,"5":0,"6":0,"7":0},"b":{"0":[0,0],"1":[0,0],"2":[0,0],"3":[0,0],"4":[0,0],"5":[0,0],"6":[0,0],"7":[0,0,0],"8":[0,0],"9":[0,0,0],"10":[0,1]},"_coverageSchema":"1a1c01bbd47fc00a2c39e90264f33305004495a9","hash":"2179161c1b4d1aa9325f1d26f641359e5145dd6b"}
,"C:\\Users\\2078320\\Team%209%20-%20Manikantha\\frontend\\src\\test\\testUtil.js": {"path":"C:\\Users\\2078320\\Team%209%20-%20Manikantha\\frontend\\src\\test\\testUtil.js","statementMap":{"0":{"start":{"line":5,"column":30},"end":{"line":7,"column":1}},"1":{"start":{"line":6,"column":2},"end":{"line":6,"column":46}},"2":{"start":{"line":9,"column":26},"end":{"line":17,"column":1}},"3":{"start":{"line":10,"column":20},"end":{"line":15,"column":3}},"4":{"start":{"line":16,"column":2},"end":{"line":16,"column":36}}},"fnMap":{"0":{"name":"(anonymous_0)","decl":{"start":{"line":5,"column":30},"end":{"line":5,"column":31}},"loc":{"start":{"line":5,"column":48},"end":{"line":7,"column":1}},"line":5},"1":{"name":"(anonymous_1)","decl":{"start":{"line":9,"column":26},"end":{"line":9,"column":27}},"loc":{"start":{"line":9,"column":58},"end":{"line":17,"column":1}},"line":9}},"branchMap":{},"s":{"0":21,"1":32,"2":21,"3":1,"4":1},"f":{"0":32,"1":1},"b":{},"_coverageSchema":"1a1c01bbd47fc00a2c39e90264f33305004495a9","hash":"faee2028771c9b85f6146042a78b215c99d99b26"}
}
